IQ-TREE multicore version 2.0.3 for Linux 64-bit built Dec 20 2020
Developed by Bui Quang Minh, Nguyen Lam Tung, Olga Chernomor,
Heiko Schmidt, Dominik Schrempf, Michael Woodhams.

Host:    srvinvestigacon (AVX2, FMA3, 49 GB RAM)
Command: iqtree -s aln_secuencias_sinUTRs.fas --seqtype DNA -m aln_secuencias_sinUTRs.fas -m TIM2+F+I -B 1000 -nt AUTO
Seed:    194651 (Using SPRNG - Scalable Parallel Random Number Generator)
Time:    Thu Aug 26 02:19:35 2021
Kernel:  AVX+FMA - auto-detect threads (6 CPU cores detected)

Reading alignment file aln_secuencias_sinUTRs.fas ... Fasta format detected
Alignment most likely contains DNA/RNA sequences
Alignment has 48 sequences with 29416 columns, 350 distinct patterns
159 parsimony-informative, 153 singleton sites, 29104 constant sites
                                                                         Gap/Ambiguity  Composition  p-value
   1  NC_045512_2_Wuhan-Hu-1_complete_genome                                     0.02%    passed     99.96%
   2  hCoV-19/Colombia/SAN-UW-651275441501/2020|EPI_ISL_1324144|2020-11-30       0.02%    passed     99.92%
   3  hCoV-19/Colombia/SAN-576900-002/2020|EPI_ISL_1576835|2020-10-25            0.02%    passed     99.98%
   4  hCoV-19/Colombia/SAN-576900-007-RNA/2020|EPI_ISL_1577182|2020-12-03        0.02%    passed     99.97%
   5  hCoV-19/Colombia/DC-UANDES-G015313/2021|EPI_ISL_1626613|2021-03-26         0.04%    passed     99.96%
   6  hCoV-19/Colombia/DC-UANDES-G015158/2021|EPI_ISL_1626615|2021-03-24         0.04%    passed     99.93%
   7  hCoV-19/Colombia/DC-UANDES-G015436/2021|EPI_ISL_1626616|2021-03-29         0.04%    passed     99.96%
   8  hCoV-19/Colombia/DC-UANDES-309026/2021|EPI_ISL_1626618|2021-03-25          0.04%    passed     99.94%
   9  hCoV-19/Colombia/DC-UANDES-339014/2021|EPI_ISL_1626619|2021-04-03          0.04%    passed     99.93%
  10  hCoV-19/Colombia/ARA-INS-VG-2151/2021|EPI_ISL_1805639|2021-04-09           0.79%    passed     99.94%
  11  hCoV-19/Colombia/DC-INS-VG-2114/2021|EPI_ISL_1820962|2021-04-12            0.77%    passed     99.76%
  12  hCoV-19/Colombia/ANT-CWOHC-VG-SEC00213E/2021|EPI_ISL_1960080|2021-04-09    0.78%    passed     99.80%
  13  hCoV-19/Colombia/ANT-CWOHC-VG-SEC00262B/2021|EPI_ISL_1960081|2021-04-10    0.78%    passed     99.81%
  14  hCoV-19/Colombia/ANT-CWOHC-VG-SEC00276P/2021|EPI_ISL_1960082|2021-04-22    0.78%    passed     99.56%
  15  hCoV-19/Colombia/ATL-INS-VG-2327/2021|EPI_ISL_2158355|2021-04-14           0.77%    passed     99.86%
  16  hCoV-19/Colombia/CUN-S11/2021|EPI_ISL_2339776|2021-04-16                   1.09%    passed     99.93%
  17  hCoV-19/Colombia/ANT-CWOHC-VG-SEC00641Q/2021|EPI_ISL_2621148|2021-05-13    3.62%    passed     99.99%
  18  hCoV-19/Colombia/CAL-INS-VG-2795/2021|EPI_ISL_2674296|2021-04-29           7.33%    passed     98.59%
  19  hCoV-19/Colombia/ANT-PRO-LDSP41/2021|EPI_ISL_3347175|2021-04-27            0.19%    passed     99.98%
  20  hCoV-19/Colombia/ANT-PRO-LDSP30/2021|EPI_ISL_3347177|2021-04-26            0.21%    passed     99.93%
  21  hCoV-19/Colombia/COV-VG-3635/2021|EPI_ISL_3355512|2021-04-17               0.09%    passed     99.99%
  22  hCoV-19/Colombia/CAQ-INS-VG-4836/2021|EPI_ISL_3459389|2021-07-14           0.10%    passed     99.98%
  23  hCoV-19/Colombia/HUI-INS-VG-4802/2021|EPI_ISL_3459390|2021-07-08           0.10%    passed     99.95%
  24  hCoV-19/Colombia/MET-INS-VG-5025/2021|EPI_ISL_3459415|2021-07-20           1.03%    passed     99.91%
  25  hCoV-19/Colombia/VAC-INS-VG-4874/2021|EPI_ISL_3459416|2021-07-01           0.13%    passed     99.92%
  26  hCoV-19/Colombia/VAC-INS-VG-4872/2021|EPI_ISL_3459417|2021-07-10           0.13%    passed     99.94%
  27  hCoV-19/Colombia/CVU3913/2021|EPI_ISL_3491806|2021-05-14                   1.04%    passed     98.62%
  28  hCoV-19/Colombia/CVU4000/2021|EPI_ISL_3491814|2021-05-18                   0.13%    passed    100.00%
  29  hCoV-19/Colombia/CUN-817544/2021|EPI_ISL_3673674|2021-07-16                1.00%    passed     99.84%
  30  hCoV-19/Colombia/CUN-817545/2021|EPI_ISL_3673675|2021-07-16                1.00%    passed     99.84%
  31  hCoV-19/Colombia/CUN-GO28045/2021|EPI_ISL_3673677|2021-07-19               1.00%    passed     99.89%
  32  hCoV-19/Colombia/ANT-INS-79256/2020|EPI_ISL_417924|2020-03-11              0.03%    passed     99.99%
  33  hCoV-19/Colombia/TOL-GUV-92052/2020|EPI_ISL_447757|2020-03-31              0.02%    passed    100.00%
  34  hCoV-19/Colombia/DC-INS-79190/2020|EPI_ISL_456120|2020-03-12               0.72%    passed     99.97%
  35  hCoV-19/Colombia/NSA-INS-80656/2020|EPI_ISL_456126|2020-03-18              0.65%    passed     99.97%
  36  hCoV-19/Colombia/VAC-INS-79943/2020|EPI_ISL_456138|2020-03-16              0.51%    passed     99.91%
  37  hCoV-19/Colombia/ATL-INS-79743/2020|EPI_ISL_456145|2020-03-14              1.01%    passed     99.67%
  38  hCoV-19/Colombia/ANT-INS-82457/2020|EPI_ISL_456146|2020-03-20              0.02%    passed     99.98%
  39  hCoV-19/Colombia/VAC-INS-79965/2020|EPI_ISL_456150|2020-03-15              0.02%    passed     99.99%
  40  hCoV-19/Colombia/VAC-INS-82320/2020|EPI_ISL_456151|2020-03-19              0.02%    passed     99.99%
  41  hCoV-19/Colombia/RIS-INS-80245/2020|EPI_ISL_456155|2020-03-16              0.04%    passed    100.00%
  42  hCoV-19/Colombia/RIS-INS-81402/2020|EPI_ISL_497736|2020-03-18              0.03%    passed    100.00%
  43  hCoV-19/Colombia/NAR-INS-103313/2020|EPI_ISL_526956|2020-04-28             0.78%    passed    100.00%
  44  hCoV-19/Colombia/NSA-NS-79852/2020|EPI_ISL_653752|2020-03-14               0.02%    passed     99.98%
  45  hCoV-19/Colombia/GUR-06537/2020|EPI_ISL_941981|2020-04-30                  0.02%    passed     99.99%
  46  hCoV-19/Colombia/GUR-06614/2020|EPI_ISL_941983|2020-04-23                  0.02%    passed     99.99%
  47  hCoV-19/Colombia/GVI-133304/2020|EPI_ISL_941986|2020-05-29                 0.02%    passed     99.99%
  48  hCoV-19/Colombia/GUR-37097/2020|EPI_ISL_941995|2020-06-23                  0.86%    passed     99.75%
****  TOTAL                                                                      0.58%  0 sequences failed composition chi2 test (p-value<5%; df=3)
NOTE: hCoV-19/Colombia/CUN-817545/2021|EPI_ISL_3673675|2021-07-16 is identical to hCoV-19/Colombia/CUN-817544/2021|EPI_ISL_3673674|2021-07-16 but kept for subsequent analysis
NOTE: hCoV-19/Colombia/NSA-NS-79852/2020|EPI_ISL_653752|2020-03-14 is identical to hCoV-19/Colombia/ANT-INS-82457/2020|EPI_ISL_456146|2020-03-20 but kept for subsequent analysis
Creating fast initial parsimony tree by random order stepwise addition...
0.053 seconds, parsimony score: 342 (based on 312 sites)
Generating 1000 samples for ultrafast bootstrap (seed: 194651)...

NOTE: 1 MB RAM (0 GB) is required!
Measuring multi-threading efficiency up to 6 CPU cores
Increase to 10 rounds for branch lengths
541 trees examined
Threads: 1 / Time: 6.003 sec / Speedup: 1.000 / Efficiency: 100% / LogL: -47710
Threads: 2 / Time: 7.166 sec / Speedup: 0.838 / Efficiency: 42% / LogL: -47710
BEST NUMBER OF THREADS: 1

Estimate model parameters (epsilon = 0.100)
1. Initial log-likelihood: -43334.537
2. Current log-likelihood: -43145.144
Optimal log-likelihood: -43145.130
Rate parameters:  A-C: 0.33529  A-G: 1.57349  A-T: 0.33529  C-G: 1.00000  C-T: 4.51645  G-T: 1.00000
Base frequencies:  A: 0.299  C: 0.183  G: 0.196  T: 0.322
Proportion of invariable sites: 0.921
Parameters optimization took 2 rounds (0.033 sec)
Computing ML distances based on estimated model parameters... 0.018 sec
Computing BIONJ tree...
0.002 seconds
Log-likelihood of BIONJ tree: -43151.137
--------------------------------------------------------------------
|             INITIALIZING CANDIDATE TREE SET                      |
--------------------------------------------------------------------
Generating 98 parsimony trees... 1.523 second
Computing log-likelihood of 98 initial trees ... 0.408 seconds
Current best score: -43137.579

Do NNI search on 20 best initial trees
Estimate model parameters (epsilon = 0.100)
BETTER TREE FOUND at iteration 1: -43137.516
Iteration 10 / LogL: -43137.598 / Time: 0h:0m:15s
Iteration 20 / LogL: -43137.566 / Time: 0h:0m:16s
Finish initializing candidate tree set (20)
Current best tree score: -43137.516 / CPU time: 3.314
Number of iterations: 20
--------------------------------------------------------------------
|               OPTIMIZING CANDIDATE TREE SET                      |
--------------------------------------------------------------------
Iteration 30 / LogL: -43137.733 / Time: 0h:0m:17s (0h:0m:42s left)
Iteration 40 / LogL: -43137.793 / Time: 0h:0m:18s (0h:0m:28s left)
Iteration 50 / LogL: -43137.784 / Time: 0h:0m:19s (0h:0m:20s left)
Log-likelihood cutoff on original alignment: -43192.044
Iteration 60 / LogL: -43137.674 / Time: 0h:0m:20s (0h:0m:14s left)
Iteration 70 / LogL: -43137.752 / Time: 0h:0m:21s (0h:0m:9s left)
Iteration 80 / LogL: -43137.616 / Time: 0h:0m:21s (0h:0m:5s left)
Iteration 90 / LogL: -43137.830 / Time: 0h:0m:22s (0h:0m:2s left)
Iteration 100 / LogL: -43137.740 / Time: 0h:0m:23s (0h:0m:0s left)
Log-likelihood cutoff on original alignment: -43186.596
NOTE: Bootstrap correlation coefficient of split occurrence frequencies: 0.996
TREE SEARCH COMPLETED AFTER 102 ITERATIONS / Time: 0h:0m:23s

--------------------------------------------------------------------
|                    FINALIZING TREE SEARCH                        |
--------------------------------------------------------------------
Performs final model parameters optimization
Estimate model parameters (epsilon = 0.010)
1. Initial log-likelihood: -43137.516
Optimal log-likelihood: -43137.513
Rate parameters:  A-C: 0.32233  A-G: 1.57053  A-T: 0.32233  C-G: 1.00000  C-T: 4.52201  G-T: 1.00000
Base frequencies:  A: 0.299  C: 0.183  G: 0.196  T: 0.322
Proportion of invariable sites: 0.919
Parameters optimization took 1 rounds (0.008 sec)
BEST SCORE FOUND : -43137.513
Creating bootstrap support values...
Split supports printed to NEXUS file aln_secuencias_sinUTRs.fas.splits.nex
Total tree length: 0.012

Total number of iterations: 102
CPU time used for tree search: 9.179 sec (0h:0m:9s)
Wall-clock time used for tree search: 10.202 sec (0h:0m:10s)
Total CPU time used: 28.911 sec (0h:0m:28s)
Total wall-clock time used: 23.688 sec (0h:0m:23s)

Computing bootstrap consensus tree...
Reading input file aln_secuencias_sinUTRs.fas.splits.nex...
48 taxa and 542 splits.
Consensus tree written to aln_secuencias_sinUTRs.fas.contree
Reading input trees file aln_secuencias_sinUTRs.fas.contree
Log-likelihood of consensus tree: -43138.350

Analysis results written to: 
  IQ-TREE report:                aln_secuencias_sinUTRs.fas.iqtree
  Maximum-likelihood tree:       aln_secuencias_sinUTRs.fas.treefile
  Likelihood distances:          aln_secuencias_sinUTRs.fas.mldist

Ultrafast bootstrap approximation results written to:
  Split support values:          aln_secuencias_sinUTRs.fas.splits.nex
  Consensus tree:                aln_secuencias_sinUTRs.fas.contree
  Screen log file:               aln_secuencias_sinUTRs.fas.log

Date and Time: Thu Aug 26 02:19:59 2021
